Дата и время вызова функции: 2024-01-13 14:35:56.197305 
Имя функции: hello_world 
Аргументы функции () {} 
Результат работы функции: Hello World 

Дата и время вызова функции: 2024-01-13 14:35:56.197305 
Имя функции: summator 
Аргументы функции (2, 2) {} 
Результат работы функции: 4 

Дата и время вызова функции: 2024-01-13 14:35:56.198467 
Имя функции: div 
Аргументы функции (6, 2) {} 
Результат работы функции: 3.0 

Дата и время вызова функции: 2024-01-13 14:35:56.199489 
Имя функции: summator 
Аргументы функции (4.3,) {'b': 2.2} 
Результат работы функции: 6.5 

Дата и время вызова функции: 2024-01-13 14:35:56.201509 
Имя функции: summator 
Аргументы функции () {'a': 0, 'b': 0} 
Результат работы функции: 0 

